<?xml version="1.0" encoding="UTF-8"?>
<!-- Generated by org.testng.reporters.JUnitReportReporter -->
<testsuite hostname="DESKTOP-14OLN27" failures="0" tests="1" name="QAAutmation.MandatoryFieldsTest" time="4.808" errors="0" timestamp="2025-01-29T23:49:03 PKT" skipped="0">
  <testcase classname="QAAutmation.MandatoryFieldsTest" name="validateMandatoryFields" time="4.808"/>
  <system-out/>
</testsuite> <!-- QAAutmation.MandatoryFieldsTest -->
