<?xml version="1.0" encoding="UTF-8"?>
<!-- Generated by org.testng.reporters.JUnitReportReporter -->
<testsuite hostname="DESKTOP-14OLN27" failures="0" tests="2" name="QAAutmation.StudentFormTest" time="1.657" errors="0" timestamp="2025-01-30T16:36:23 PKT" skipped="0">
  <testcase classname="QAAutmation.StudentFormTest" name="fillOutForm" time="1.518"/>
  <testcase classname="QAAutmation.StudentFormTest" name="submitFormAndVerify" time="0.139"/>
</testsuite> <!-- QAAutmation.StudentFormTest -->
