<?xml version="1.0" encoding="UTF-8"?>
<!-- Generated by org.testng.reporters.JUnitReportReporter -->
<testsuite hostname="DESKTOP-14OLN27" failures="0" tests="5" name="QAAutmation.RegressionSuit" time="9.864" errors="0" timestamp="2025-01-30T16:37:28 PKT" skipped="0">
  <testcase classname="QAAutmation.RegressionSuit" name="validateMandatoryFields" time="4.383"/>
  <testcase classname="QAAutmation.RegressionSuit" name="validateMobileNumberField" time="1.331"/>
  <testcase classname="QAAutmation.RegressionSuit" name="validateEmailField" time="2.227"/>
  <testcase classname="QAAutmation.RegressionSuit" name="fillOutForm" time="1.779"/>
  <testcase classname="QAAutmation.RegressionSuit" name="submitFormAndVerify" time="0.144"/>
</testsuite> <!-- QAAutmation.RegressionSuit -->
