<?xml version="1.0" encoding="UTF-8"?>
<!-- Generated by org.testng.reporters.JUnitReportReporter -->
<testsuite hostname="DESKTOP-14OLN27" failures="0" tests="5" name="QAAutmation.RegressionSuit" time="10.065" errors="0" timestamp="2025-01-30T11:48:18 PKT" skipped="0">
  <testcase classname="QAAutmation.RegressionSuit" name="validateMandatoryFields" time="4.534"/>
  <testcase classname="QAAutmation.RegressionSuit" name="validateMobileNumberField" time="1.441"/>
  <testcase classname="QAAutmation.RegressionSuit" name="validateEmailField" time="2.422"/>
  <testcase classname="QAAutmation.RegressionSuit" name="fillOutForm" time="1.507"/>
  <testcase classname="QAAutmation.RegressionSuit" name="submitFormAndVerify" time="0.161"/>
</testsuite> <!-- QAAutmation.RegressionSuit -->
