<?xml version="1.0" encoding="UTF-8"?>
<!-- Generated by org.testng.reporters.JUnitReportReporter -->
<testsuite hostname="DESKTOP-14OLN27" failures="0" tests="2" name="QAAutmation.FieldValidation" time="3.438" errors="0" timestamp="2025-01-30T16:36:05 PKT" skipped="0">
  <testcase classname="QAAutmation.FieldValidation" name="validateMobileNumberField" time="1.285"/>
  <testcase classname="QAAutmation.FieldValidation" name="validateEmailField" time="2.153"/>
</testsuite> <!-- QAAutmation.FieldValidation -->
