<?xml version="1.0" encoding="UTF-8"?>
<!-- Generated by org.testng.reporters.JUnitReportReporter -->
<testsuite hostname="DESKTOP-14OLN27" failures="0" tests="2" name="QAAutmation.StudentFormTest" time="3.780" errors="0" timestamp="2025-01-29T23:51:06 PKT" skipped="0">
  <testcase classname="QAAutmation.StudentFormTest" name="fillOutForm" time="3.503"/>
  <system-out/>
  <testcase classname="QAAutmation.StudentFormTest" name="submitFormAndVerify" time="0.277"/>
  <system-out/>
</testsuite> <!-- QAAutmation.StudentFormTest -->
